Hugh [0, 0, 0, 2, 2, 0, 0, 1, 1, 1, 3, 2, 1, 0, 0, 0, 0, 1, 0, 2, 2, 1, 3, 0, 0, 0, 1, 2, 0, 1, 0, 0, -1, 0, 1, 0, 2, 0, 1, 0, 0, 0, 2, 1, 1, 0, 1, 0, 1, 4, 3, 0, 0, 3, 1, 0, 1, 1, 1, 5, 0, 0, 1, 0, 1, 0, 0, 0, 6, 1, 2, 1, 0, 4, 1, 0, 1, 3, 1, 0, 0, 0, 2, 1, 1, 0, 0, 1, 0, 1, 2, 2, 2, 0, -1, 0, 1, -3, 0, 1, 0, 1, 2, 1, 0, 0, 0, 1, 5, 0, 0, 0, 0, 1, 3, 2, 0, 1, 3, 3, 0, 0, 2, 0, 0, 0, 0, 1, 0, 0, 0, 0, 0, 0, 1, 0, 0, 0, 1, 0, 0, 2, 0, 0, 2, 1, 0, 0, 0, 0, 1, 2, 0, 1, 0, 1, 1, 0, 0, 3, 0, 2, 0, 2, 1, 0, 2, 1, 2, 2, 1, 2, 0, 3, 0, 0, 0, 2, 1, 1, 3, 1, 3, 1, 1, 0, 2, 0, 0, 0, 0, 0, 1, 0, 2, 0, 2, 0, 0, 3, 0, 0, 0, 0, 0, 1, 2, 1, 0, 2, 0, 0, 0, 2, 2, 0, 0, 0, 0, 0, 1, 0, 0, 0, 0, 0, 0, 0, 0, 0, 0, 2, 1, 0, 0, 3, 2, 1, 1, 2, 0, 1, 0, 0, 2, 0, 0, 0, 0, 0, 1, 1, 1, 3, 0, 1, 0, 1, 0, 0, 0, 3, 2, 1, 0, 1, 0, 2, 0, 1, 0, 1, 0, 0, 1, 2, 2, 0, 0, 2, 3, 1, 2, 1, 0, 2, 5, 2, 3, 0] 447
Male
Blaise [0, 0, 1, 0, 0, 2, 0, 0, 1, 1, 4, 1, 3, 0, 3, 1, 3, 4, 2, 1, 0, 0, 1, 0, 2, 0, 0, 1, 1, 1, 1, 0, 3, 1, 0, 0, 1, 0, 0, 2, 3, 1, 2, 0, 0, 3, 1, 1, 2, 0, 0, 1, 0, 1, 0, 0, 0, 0, 1, 0, 3, 6, 0, 3, 0, 4, 0, 2, 0, 0, 0, 0, 0, 0, 0, 0, 0, 0, 1, 0, 0, 0, 0, 0, 0, 0, 0, 0, 0, 0, 0, 0, 0, 0, 0, 0, 1, 0, 1, 3, 0, 0, 3, 0, 1, 0, 0, 4, 0, 2, 2, 0, 0, 0, 0, 0, 0, 0, 0, 2, 1, 0, 3, 0, 0, 0, 0, 0, 0, 0, 0, 3, 0, 2, 0, 0, 0, 0, 1, 0, 0, 0, 0, 0, 0, 1, 0, 2, 1, 0, 0, 2, 1, 1, 2, 1, 0, 0, 2, 2, 0, 1, 0, 0, 3, 0, 2, 3, 2, 1, 0, 3, 0, 1, 1, 0, 1, 0, 0, 0, 1, 2, -2, 0, 1, 0] 267
Male
John [3, 0, 1, 1, 2, 0, 0, 1, 0, 1, 0, 1, 2, 2, 2, 3, 1, 0, 1, 2, 0, 0, 1, 0, 1, 1, 2, 0, 0, 0, 0, 1, 0, 1, 1, 0, 0, 0, 0, 0, 0, 0, 0, 0, 0, 0, 0, 0, 0, 0, 0, 0, 0, 0, 0, -2, 3, 1, 2, -1, 2, 0, 4, 1, 3, 5, 5, 6, 1, 1, 1, 0, 1, 2, 3, 0, 0, 0, 0, 4, 1, 4, 0, 0, 2, 2, 1, 1, 0, 1, 0, 0, -1, 5, 0, -1, 0, 2, 0, 0, 0, 1, 1, 1, 0, 0, 0, 1, 0, 1] 44
Male
Mary [0, 0, 0, 2, 1, 6, 1, 1, 1, 0, 0, 1, -2, 0, -1, 0, 0, 0, 0, -5, 1, 0, -2, -7, -2, 0, -10, -7, -1, 1, 0, -1, -2, 0, -1, -2, 0, 1, 0, 5, 0, 0, -4, -2, -2, -4, 0, 2, 0, -1, -2, -4, 0, 0, -3, -1, 0, -1, 0, -1, -2, -1, 0, -1, -2, 0, 2, 0, 0, 0, 0, 0, 0, -4, -2, -2, -4, 0, 2, 0, -1, -2, -4, 0, 0, -3, -1, 0, -1, 0, -1, -2, -1, 0, -1, -2, 0, 2, 0, 0, -2, 0, 1, 0, 4, 0, 0] -58
Female
Sarah [0, 0, 0, 0, 0, 0, 0, 0, -1, -1, -1, -4, 0, 0, 0, -2, 0, 1, 0, 2, 0, -5, -4, -2, -7, -2, 2, 0, -10, -7, 0, -2, 3, 0, 0, 0, 0, -5, -1, -3, 0, -1, -1, -3, 0, 0, 0, 1, -3, 3, 0, 4, -1, -1, -3, 2, 0, 3, -1, 2, 1, 0, 3, 0, 0] -30
Female
Charles [1, 0, 2, 3, 0, 0, 1, 1, 0, 0, 0, 2, 1, 4, 6, 6, 1, 0, 0, 0, 1, 2, 0, 0, 0, 0, 0, 0, 1, 2, 0, 0, 1, 2, 1, 4, 3, 0, 0, 0, 0, 0, 2, 0, 0, 0, 0, 0, 0, -1, 0, 3, 0, 0, 0, 1, 2, 0, 0, 0, 1, 0, 0, 1, 2, 0, 0, 3, 0, 0, 0, 2, 4, 0, 0, 0, 3, 1, 0, 2, 1, 1, 1, 0, 3, 1, 1, 1, 0, 2, 5, 4, 1, 1, 5, 3, 3, 4, 1, 0, 0, 0, 5, 4, 4, 1, 0, -1, 1, 1, 0, 0, 1, 0, 0, 3, 0, 3, 3, 1, 5, 2, -1, 0, 0, 0, 1, 4, 2, 2, 1, -3, 0, -2, 1, 2, 0, 1, 1, 0, 0, 2, -1, 0, 0, 0, 0, 0] 53
Male
Jabez [0, 1, 1] 5
Male
Eugene [1, 3] 2
Male
Anna [0, -3, 2, 0] 1
Female
Kasturbai [-1] 0
Female
Mohandas [0, -1, 0] 11
Male
Louis [0, 2, 0, 0, 0, 0, 2, 1, 3, 0, 2, 0, 2, 1, 0, 1, 2, 0, 1, 2, 0, 1, -3, 0, -2, 3, 0] 12
Male
Henry [3, 0, 1, 1, 0, 0, 4, 2, 0, 3, 0, 0, 0, 0, 3, 1, 0, 2, 0, 3, 6, 0, 2, 3, 0, 1, 1, 0, 0, 3, -2, 0, 0, 0, 4, 0, 2, 2, 2, 1, 1, 2, 4, 3, 3, 1, 0, 0, 1, 1, 3, 3, 1, 0, 0, 0, 0, 1, 0, 0, 0, 0, 1, 0, 1, 1, 0, 5, 1, 0, 0, 1, 1, 3, 0, 2, 0, 1, 3, 4, 3, 1, 4, 0, 0, 3, 0, 1, 2, 1, 1, 2, 2, 0, 1, 1, 2, 5, 0, 0, 2, 7, 2, 0, 0, 5, 1, 3, 1, 0, 0, 1, 1, 0, 0, 1, 0, 0, 2, 0, 2, 0, 1, 2, 0, 0, 4, 1, 1, 0, 0, 0, 0, 2, 1, 0, 1, 0, 0, 0, 2, 3, 1, 0, 0, 0, 0, 0, 0, 0, 0, 0, 0, 2, 3, 1, 0, 0, 0, 0, 1, 4, 2] 75
Male
Sita [0, 0, 0, 0, 0, 0, -2, 0, 0, 0, 0, 0, 0, 1, 0, -2, 0, -1, -2, -3, -1] -23
Female
Janaka [0, 0, 1, 0, 0] -5
Female
Rama [-1, -2, 0, 0, 0, 1, 0, -2, 0, -3] -14
Female
Ravana [-1, -1, 0, -2, -1, 0, 0, 1, -2, 0] -17
Female
Blanche [1] 1
Male
Alice [0, 0, 0] 1
Male
Mary [0, 0, 0, 2, 1, 6, 1, 1, 1, 0, 0, 1, -2, 0, -1, 0, 0, 0, 0, -5, 1, 0, -2, -7, -2, 0, -10, -7, -1, 1, 0, -1, -2, 0, -1, -2, 0, 1, 0, 5, 0, 0, -4, -2, -2, -4, 0, 2, 0, -1, -2, -4, 0, 0, -3, -1, 0, -1, 0, -1, -2, -1, 0, -1, -2, 0, 2, 0, 0, 0, 0, 0, 0, -4, -2, -2, -4, 0, 2, 0, -1, -2, -4, 0, 0, -3, -1, 0, -1, 0, -1, -2, -1, 0, -1, -2, 0, 2, 0, 0, -2, 0, 1, 0, 4, 0, 0] -58
Female
Rebecca [0] 0
Female
Piccolomini [1] 0
Male
Elizabeth [1, -1, 0, -2, 0, 5, 1, -3, 0, 0, 0, 1, 2, -1, 1, 0, 2, 0, 0, -3, 2, -1, 0, 0, -5, 1, 1, -3, 1, 0, 0, 0, 1, -1, 0, 0, -2, -4, 0, -3, -2, 1, -1, 0, 0, 0, -5, 1, 1, -3, 1, 0, 0, 0, 1, -1, 0, 0, -2, -4, 0] -22
Female
Mirabai [] 0
Female
Razia [0] -2
Female
Durgavati [-1] -2
Female
Annie [0, 2] 2
Male
Pritilata [0] 0
Female
Vijayalakshmi [0] 0
Female
Rajkumari [0] 0
Female
Aruna [0] 0
Female
Sucheta [0] 0
Female
Muthulakshmi [0] 0
Female
Durgabai [0] 0
Female
Zhang [0] 0
Female
Chan [0] 0
Female
Xiuli [0] -1
Female
Narayana [0] 0
Female
Mowgli [0, 0, 1, 1, 4, 2, 0, 1, 0, 1, 3, 1, 0, 0, 0, 0, 0] 20
Male
Buldeo [1, 0] 5
Male
Tarzan [0] 0
Female
Gisborne [1, 1] 2
Male
Hugh [0, 0, 0, 2, 2, 0, 0, 1, 1, 1, 3, 2, 1, 0, 0, 0, 0, 1, 0, 2, 2, 1, 3, 0, 0, 0, 1, 2, 0, 1, 0, 0, -1, 0, 1, 0, 2, 0, 1, 0, 0, 0, 2, 1, 1, 0, 1, 0, 1, 4, 3, 0, 0, 3, 1, 0, 1, 1, 1, 5, 0, 0, 1, 0, 1, 0, 0, 0, 6, 1, 2, 1, 0, 4, 1, 0, 1, 3, 1, 0, 0, 0, 2, 1, 1, 0, 0, 1, 0, 1, 2, 2, 2, 0, -1, 0, 1, -3, 0, 1, 0, 1, 2, 1, 0, 0, 0, 1, 5, 0, 0, 0, 0, 1, 3, 2, 0, 1, 3, 3, 0, 0, 2, 0, 0, 0, 0, 1, 0, 0, 0, 0, 0, 0, 1, 0, 0, 0, 1, 0, 0, 2, 0, 0, 2, 1, 0, 0, 0, 0, 1, 2, 0, 1, 0, 1, 1, 0, 0, 3, 0, 2, 0, 2, 1, 0, 2, 1, 2, 2, 1, 2, 0, 3, 0, 0, 0, 2, 1, 1, 3, 1, 3, 1, 1, 0, 2, 0, 0, 0, 0, 0, 1, 0, 2, 0, 2, 0, 0, 3, 0, 0, 0, 0, 0, 1, 2, 1, 0, 2, 0, 0, 0, 2, 2, 0, 0, 0, 0, 0, 1, 0, 0, 0, 0, 0, 0, 0, 0, 0, 0, 2, 1, 0, 0, 3, 2, 1, 1, 2, 0, 1, 0, 0, 2, 0, 0, 0, 0, 0, 1, 1, 1, 3, 0, 1, 0, 1, 0, 0, 0, 3, 2, 1, 0, 1, 0, 2, 0, 1, 0, 1, 0, 0, 1, 2, 2, 0, 0, 2, 3, 1, 2, 1, 0, 2, 5, 2, 3, 0] 447
Male
Blaise [0, 0, 1, 0, 0, 2, 0, 0, 1, 1, 4, 1, 3, 0, 3, 1, 3, 4, 2, 1, 0, 0, 1, 0, 2, 0, 0, 1, 1, 1, 1, 0, 3, 1, 0, 0, 1, 0, 0, 2, 3, 1, 2, 0, 0, 3, 1, 1, 2, 0, 0, 1, 0, 1, 0, 0, 0, 0, 1, 0, 3, 6, 0, 3, 0, 4, 0, 2, 0, 0, 0, 0, 0, 0, 0, 0, 0, 0, 1, 0, 0, 0, 0, 0, 0, 0, 0, 0, 0, 0, 0, 0, 0, 0, 0, 0, 1, 0, 1, 3, 0, 0, 3, 0, 1, 0, 0, 4, 0, 2, 2, 0, 0, 0, 0, 0, 0, 0, 0, 2, 1, 0, 3, 0, 0, 0, 0, 0, 0, 0, 0, 3, 0, 2, 0, 0, 0, 0, 1, 0, 0, 0, 0, 0, 0, 1, 0, 2, 1, 0, 0, 2, 1, 1, 2, 1, 0, 0, 2, 2, 0, 1, 0, 0, 3, 0, 2, 3, 2, 1, 0, 3, 0, 1, 1, 0, 1, 0, 0, 0, 1, 2, -2, 0, 1, 0] 267
Male
John [3, 0, 1, 1, 2, 0, 0, 1, 0, 1, 0, 1, 2, 2, 2, 3, 1, 0, 1, 2, 0, 0, 1, 0, 1, 1, 2, 0, 0, 0, 0, 1, 0, 1, 1, 0, 0, 0, 0, 0, 0, 0, 0, 0, 0, 0, 0, 0, 0, 0, 0, 0, 0, 0, 0, -2, 3, 1, 2, -1, 2, 0, 4, 1, 3, 5, 5, 6, 1, 1, 1, 0, 1, 2, 3, 0, 0, 0, 0, 4, 1, 4, 0, 0, 2, 2, 1, 1, 0, 1, 0, 0, -1, 5, 0, -1, 0, 2, 0, 0, 0, 1, 1, 1, 0, 0, 0, 1, 0, 1] 44
Male
Mary [0, 0, 0, 2, 1, 6, 1, 1, 1, 0, 0, 1, -2, 0, -1, 0, 0, 0, 0, -5, 1, 0, -2, -7, -2, 0, -10, -7, -1, 1, 0, -1, -2, 0, -1, -2, 0, 1, 0, 5, 0, 0, -4, -2, -2, -4, 0, 2, 0, -1, -2, -4, 0, 0, -3, -1, 0, -1, 0, -1, -2, -1, 0, -1, -2, 0, 2, 0, 0, 0, 0, 0, 0, -4, -2, -2, -4, 0, 2, 0, -1, -2, -4, 0, 0, -3, -1, 0, -1, 0, -1, -2, -1, 0, -1, -2, 0, 2, 0, 0, -2, 0, 1, 0, 4, 0, 0] -58
Female
Sarah [0, 0, 0, 0, 0, 0, 0, 0, -1, -1, -1, -4, 0, 0, 0, -2, 0, 1, 0, 2, 0, -5, -4, -2, -7, -2, 2, 0, -10, -7, 0, -2, 3, 0, 0, 0, 0, -5, -1, -3, 0, -1, -1, -3, 0, 0, 0, 1, -3, 3, 0, 4, -1, -1, -3, 2, 0, 3, -1, 2, 1, 0, 3, 0, 0] -30
Female
Charles [1, 0, 2, 3, 0, 0, 1, 1, 0, 0, 0, 2, 1, 4, 6, 6, 1, 0, 0, 0, 1, 2, 0, 0, 0, 0, 0, 0, 1, 2, 0, 0, 1, 2, 1, 4, 3, 0, 0, 0, 0, 0, 2, 0, 0, 0, 0, 0, 0, -1, 0, 3, 0, 0, 0, 1, 2, 0, 0, 0, 1, 0, 0, 1, 2, 0, 0, 3, 0, 0, 0, 2, 4, 0, 0, 0, 3, 1, 0, 2, 1, 1, 1, 0, 3, 1, 1, 1, 0, 2, 5, 4, 1, 1, 5, 3, 3, 4, 1, 0, 0, 0, 5, 4, 4, 1, 0, -1, 1, 1, 0, 0, 1, 0, 0, 3, 0, 3, 3, 1, 5, 2, -1, 0, 0, 0, 1, 4, 2, 2, 1, -3, 0, -2, 1, 2, 0, 1, 1, 0, 0, 2, -1, 0, 0, 0, 0, 0] 53
Male
Jabez [0, 1, 1] 5
Male
Eugene [1, 3] 2
Male
Anna [0, -3, 2, 0] 1
Female
Kasturbai [-1] 0
Female
Mohandas [0, -1, 0] 11
Male
Louis [0, 2, 0, 0, 0, 0, 2, 1, 3, 0, 2, 0, 2, 1, 0, 1, 2, 0, 1, 2, 0, 1, -3, 0, -2, 3, 0] 12
Male
Henry [3, 0, 1, 1, 0, 0, 4, 2, 0, 3, 0, 0, 0, 0, 3, 1, 0, 2, 0, 3, 6, 0, 2, 3, 0, 1, 1, 0, 0, 3, -2, 0, 0, 0, 4, 0, 2, 2, 2, 1, 1, 2, 4, 3, 3, 1, 0, 0, 1, 1, 3, 3, 1, 0, 0, 0, 0, 1, 0, 0, 0, 0, 1, 0, 1, 1, 0, 5, 1, 0, 0, 1, 1, 3, 0, 2, 0, 1, 3, 4, 3, 1, 4, 0, 0, 3, 0, 1, 2, 1, 1, 2, 2, 0, 1, 1, 2, 5, 0, 0, 2, 7, 2, 0, 0, 5, 1, 3, 1, 0, 0, 1, 1, 0, 0, 1, 0, 0, 2, 0, 2, 0, 1, 2, 0, 0, 4, 1, 1, 0, 0, 0, 0, 2, 1, 0, 1, 0, 0, 0, 2, 3, 1, 0, 0, 0, 0, 0, 0, 0, 0, 0, 0, 2, 3, 1, 0, 0, 0, 0, 1, 4, 2] 75
Male
Sita [0, 0, 0, 0, 0, 0, -2, 0, 0, 0, 0, 0, 0, 1, 0, -2, 0, -1, -2, -3, -1] -23
Female
Janaka [0, 0, 1, 0, 0] -5
Female
Rama [-1, -2, 0, 0, 0, 1, 0, -2, 0, -3] -14
Female
Ravana [-1, -1, 0, -2, -1, 0, 0, 1, -2, 0] -17
Female
Blanche [1] 1
Male
Alice [0, 0, 0] 1
Male
Mary [0, 0, 0, 2, 1, 6, 1, 1, 1, 0, 0, 1, -2, 0, -1, 0, 0, 0, 0, -5, 1, 0, -2, -7, -2, 0, -10, -7, -1, 1, 0, -1, -2, 0, -1, -2, 0, 1, 0, 5, 0, 0, -4, -2, -2, -4, 0, 2, 0, -1, -2, -4, 0, 0, -3, -1, 0, -1, 0, -1, -2, -1, 0, -1, -2, 0, 2, 0, 0, 0, 0, 0, 0, -4, -2, -2, -4, 0, 2, 0, -1, -2, -4, 0, 0, -3, -1, 0, -1, 0, -1, -2, -1, 0, -1, -2, 0, 2, 0, 0, -2, 0, 1, 0, 4, 0, 0] -58
Female
Rebecca [0] 0
Female
Piccolomini [1] 0
Male
Elizabeth [1, -1, 0, -2, 0, 5, 1, -3, 0, 0, 0, 1, 2, -1, 1, 0, 2, 0, 0, -3, 2, -1, 0, 0, -5, 1, 1, -3, 1, 0, 0, 0, 1, -1, 0, 0, -2, -4, 0, -3, -2, 1, -1, 0, 0, 0, -5, 1, 1, -3, 1, 0, 0, 0, 1, -1, 0, 0, -2, -4, 0] -22
Female
Mirabai [] 0
Female
Razia [0] -2
Female
Durgavati [-1] -2
Female
Annie [0, 2] 2
Male
Pritilata [0] 0
Female
Vijayalakshmi [0] 0
Female
Rajkumari [0] 0
Female
Aruna [0] 0
Female
Sucheta [0] 0
Female
Muthulakshmi [0] 0
Female
Durgabai [0] 0
Female
Zhang [0] 0
Female
Chan [0] 0
Female
Xiuli [0] -1
Female
Narayana [0] 0
Female
Mowgli [0, 0, 1, 1, 4, 2, 0, 1, 0, 1, 3, 1, 0, 0, 0, 0, 0] 20
Male
Buldeo [1, 0] 5
Male
Tarzan [0] 0
Female
Gisborne [1, 1] 2
Male
Bothwell [-2, 0, -3, 0, -1, -1, -1, -2, 0, 1, -1, -3, 0, 0, -2, 0, -3, 0, -1, -1, -1, -2, 0, 1, -1, -3, 0, 0] -21
Female
Riccio [3, 3] 0
Male
Darnley [-3, -1, -1, -1, -1, -3, -1, -1, -1, -1] -10
Female
Monaldeschi [-5, -3, 1, 0] 2
Female
Bothwell [-2, 0, -3, 0, -1, -1, -1, -2, 0, 1, -1, -3, 0, 0, -2, 0, -3, 0, -1, -1, -1, -2, 0, 1, -1, -3, 0, 0] -21
Female
Riccio [3, 3] 0
Male
Darnley [-3, -1, -1, -1, -1, -3, -1, -1, -1, -1] -10
Female
Monaldeschi [-5, -3, 1, 0] 2
Female
